WinLicense - Professional Software Protection and Licensing Management  [Version 2.1.9.0]

Protection Options for Software: 配套工具 (Input File: GameTools.exe)
-----------------------------------

Macros Information
------------------
VM Macros: 0
CodeReplace Macros: 0
ENCRYPT Macros: 0
CLEAR Macros: 0
MUTATE Macros: 0
STR_ENCRYPT Macros: 0
RegisteredVM Macros: 0
CHECK_PROTECTION Macros: 0
CHECK_CODE_INTEGRITY Macros: 0
CHECK_REGISTRATION Macros: 0
CHECK_VIRTUAL_PC Macros: 0


Protection Options
------------------
Anti-Debugger: Disabled
Anti-Dumpers: ENABLED
Entry Point Obfuscation: ENABLED
Resource Encryption: ENABLED
VMWare compatible: ENABLED
API-Wrapping Level: Disable
Anti-Patching: File Patch (sign support)
Metamorph Security: ENABLED
Memory Guard: ENABLED
When Debugger Found: Display Message
Application compression: ENABLED
Resources compression: ENABLED
SecureEngine compression: ENABLED
Anti-File Monitor: DISABLED
Anti-Registry Monitor: DISABLED
Delphi/BCB form protection: DISABLED
Ring-0 Protection: DISABLED


Virtual Machine Settings
------------------------
Number of Virtual APIs wrapped: 0
API Virtualization Level: 3
Entry Point Virtualization: 13 instructions
Multi Branch Technology: ENABLED
Virtual Machine Processor: Mutable CISC processor
Number of CPUs: 1
Opcode Type: Metamorphic - Level 2
Dynamic Opcode: 20% Dynamic


Trial Settings
--------------
Days Expiration: 3
UnLimited: ENABLED
Clock Change: Any
Trial Extension: DISABLED
With single file: extendkey.dat


Registration Settings
---------------------
Signature Level: 等级1
With Single file: IGEM2key.dat
SmartActivate key type: Static SmartActivate Key

Only Hardware locked keys: ENABLED
Only Temporary keys: DISABLED
Only runs when registered: DISABLED
Clear Trial when registered: ENABLED


Advanced Protection Options
---------------------------
Encrypt Application: ENABLED
DLL plugin: DISABLED
Export Generators: DISABLED
Keep Trial Running: ENABLED
Hide from PE scanners: Standard
.NET assemblies: DISABLED
Active Context: DISABLED
Custom Event: 
Add Manifest: Don't add manifest
Launch Application: 


XBundler files
--------------
No files to bundle
